<?xml version="1.0" encoding="UTF-8"?>
<!-- Generated by org.testng.reporters.JUnitReportReporter -->
<testsuite hostname="DESKTOP-5327J1V" name="HandleScrrenshots" tests="1" failures="0" timestamp="5 Dec 2017 14:45:22 GMT" time="130.753" errors="0">
  <testcase name="extractlinkspecificarea" time="130.753" classname="HandleScrrenshots"/>
</testsuite> <!-- HandleScrrenshots -->
