<?xml version="1.0" encoding="UTF-8"?>
<!-- Generated by org.testng.reporters.JUnitReportReporter -->
<testsuite hostname="DESKTOP-5327J1V" name="HandleCheckBox" tests="1" failures="0" timestamp="28 Nov 2017 08:53:37 GMT" time="25.898" errors="0">
  <testcase name="handleLabel" time="25.898" classname="HandleCheckBox"/>
</testsuite> <!-- HandleCheckBox -->
