<?xml version="1.0" encoding="UTF-8"?>
<!-- Generated by org.testng.reporters.JUnitReportReporter -->
<testsuite hostname="DESKTOP-5327J1V" name="HandleRadioButtons" tests="1" failures="0" timestamp="27 Nov 2017 17:28:52 GMT" time="12.465" errors="0">
  <testcase name="handlebutton" time="12.465" classname="HandleRadioButtons"/>
</testsuite> <!-- HandleRadioButtons -->
