<?xml version="1.0" encoding="UTF-8"?>
<!-- Generated by org.testng.reporters.JUnitReportReporter -->
<testsuite hostname="DESKTOP-5327J1V" name="HandleWindows" tests="1" failures="0" timestamp="28 Nov 2017 14:29:55 GMT" time="20.229" errors="0">
  <testcase name="Haandle_windows" time="20.229" classname="HandleWindows"/>
</testsuite> <!-- HandleWindows -->
