<?xml version="1.0" encoding="UTF-8"?>
<!-- Generated by org.testng.reporters.JUnitReportReporter -->
<testsuite hostname="DESKTOP-5327J1V" name="Autocompile" tests="1" failures="0" timestamp="27 Nov 2017 16:12:19 GMT" time="44.615" errors="0">
  <testcase name="autocompile" time="44.615" classname="Autocompile"/>
</testsuite> <!-- Autocompile -->
