<?xml version="1.0" encoding="UTF-8"?>
<!-- Generated by org.testng.reporters.JUnitReportReporter -->
<testsuite hostname="DESKTOP-5327J1V" name="HandleMessages" tests="1" failures="0" timestamp="4 Dec 2017 09:05:54 GMT" time="20.753" errors="0">
  <testcase name="handleMessage" time="20.753" classname="HandleMessages"/>
</testsuite> <!-- HandleMessages -->
