<?xml version="1.0" encoding="UTF-8"?>
<!-- Generated by org.testng.reporters.JUnitReportReporter -->
<testsuite hostname="DESKTOP-5327J1V" name="HandleBrokenLinks_Waytwo" tests="1" failures="0" timestamp="11 Dec 2017 14:29:45 GMT" time="18.179" errors="0">
  <testcase name="getbrokenlinks" time="18.179" classname="HandleBrokenLinks_Waytwo"/>
</testsuite> <!-- HandleBrokenLinks_Waytwo -->
