<?xml version="1.0" encoding="UTF-8"?>
<!-- Generated by org.testng.reporters.JUnitReportReporter -->
<testsuite hostname="DESKTOP-5327J1V" name="HandleQADemoSite" tests="1" failures="0" timestamp="7 Dec 2017 10:05:11 GMT" time="14.360" errors="0">
  <testcase name="handledemosite" time="14.360" classname="HandleQADemoSite"/>
</testsuite> <!-- HandleQADemoSite -->
