<?xml version="1.0" encoding="UTF-8"?>
<!-- Generated by org.testng.reporters.JUnitReportReporter -->
<testsuite hostname="DESKTOP-5327J1V" name="HandleTabs" tests="1" failures="0" timestamp="1 Dec 2017 12:57:32 GMT" time="12.056" errors="0">
  <testcase name="handletabs" time="12.056" classname="HandleTabs"/>
</testsuite> <!-- HandleTabs -->
