<?xml version="1.0" encoding="UTF-8"?>
<!-- Generated by org.testng.reporters.JUnitReportReporter -->
<testsuite hostname="DESKTOP-5327J1V" name="FindBrokenLinks" tests="1" failures="0" timestamp="28 Nov 2017 13:58:38 GMT" time="20.524" errors="0">
  <testcase name="handleboken_links" time="20.524" classname="FindBrokenLinks"/>
</testsuite> <!-- FindBrokenLinks -->
