<?xml version="1.0" encoding="UTF-8"?>
<!-- Generated by org.testng.reporters.JUnitReportReporter -->
<testsuite hostname="DESKTOP-5327J1V" name="HandlePopups" tests="1" failures="0" timestamp="4 Dec 2017 10:02:50 GMT" time="26.386" errors="0">
  <testcase name="handlepopups" time="26.386" classname="HandlePopups"/>
</testsuite> <!-- HandlePopups -->
