<?xml version="1.0" encoding="UTF-8"?>
<!-- Generated by org.testng.reporters.JUnitReportReporter -->
<testsuite hostname="DESKTOP-5327J1V" name="AutoCompile_DyanmicSearch" tests="1" failures="0" timestamp="16 Dec 2017 07:42:13 GMT" time="10.664" errors="0">
  <testcase name="dynamicxpath" time="10.664" classname="AutoCompile_DyanmicSearch"/>
</testsuite> <!-- AutoCompile_DyanmicSearch -->
