<?xml version="1.0" encoding="UTF-8"?>
<!-- Generated by org.testng.reporters.JUnitReportReporter -->
<testsuite hostname="DESKTOP-5327J1V" name="HandleDropDown" tests="1" failures="0" timestamp="28 Nov 2017 08:37:43 GMT" time="11.146" errors="0">
  <testcase name="HandleDropDown_Test" time="11.146" classname="HandleDropDown"/>
</testsuite> <!-- HandleDropDown -->
