<?xml version="1.0" encoding="UTF-8"?>
<!-- Generated by org.testng.reporters.JUnitReportReporter -->
<testsuite hostname="DESKTOP-5327J1V" name="HandleLinks" tests="1" failures="0" timestamp="28 Nov 2017 13:52:22 GMT" time="50.626" errors="0">
  <testcase name="Page_Links" time="50.626" classname="HandleLinks"/>
</testsuite> <!-- HandleLinks -->
