<?xml version="1.0" encoding="UTF-8"?>
<!-- Generated by org.testng.reporters.JUnitReportReporter -->
<testsuite hostname="DESKTOP-5327J1V" name="excercise.Captureerrormsg" tests="1" failures="0" timestamp="25 Dec 2017 14:01:06 GMT" time="13.244" errors="0">
  <testcase name="testapp" time="13.244" classname="excercise.Captureerrormsg"/>
</testsuite> <!-- excercise.Captureerrormsg -->
