<?xml version="1.0" encoding="UTF-8"?>
<!-- Generated by org.testng.reporters.JUnitReportReporter -->
<testsuite hostname="DESKTOP-5327J1V" name="testngtest" tests="6" failures="0" timestamp="18 Dec 2017 10:27:09 GMT" time="86.889" errors="0">
  <testcase name="titletest" time="16.946" classname="testngtest"/>
  <testcase name="titletest" time="14.330" classname="testngtest"/>
  <testcase name="launchapp" time="11.646" classname="testngtest"/>
  <testcase name="launchapp" time="26.006" classname="testngtest"/>
  <testcase name="logotest" time="9.256" classname="testngtest"/>
  <testcase name="logotest" time="8.705" classname="testngtest"/>
</testsuite> <!-- testngtest -->
