<?xml version="1.0" encoding="UTF-8"?>
<!-- Generated by org.testng.reporters.JUnitReportReporter -->
<testsuite hostname="DESKTOP-5327J1V" name="HandleSpanandClick" tests="1" failures="0" timestamp="1 Dec 2017 11:51:25 GMT" time="26.038" errors="0">
  <testcase name="handlespan" time="26.038" classname="HandleSpanandClick"/>
</testsuite> <!-- HandleSpanandClick -->
