<?xml version="1.0" encoding="UTF-8"?>
<!-- Generated by org.testng.reporters.JUnitReportReporter -->
<testsuite hostname="DESKTOP-5327J1V" name="MethodsVerification" tests="1" failures="0" timestamp="17 Dec 2017 09:48:49 GMT" time="11.359" errors="0">
  <testcase name="isselected" time="11.359" classname="MethodsVerification"/>
</testsuite> <!-- MethodsVerification -->
