<?xml version="1.0" encoding="UTF-8"?>
<!-- Generated by org.testng.reporters.JUnitReportReporter -->
<testsuite hostname="DESKTOP-5327J1V" name="HandleAlerts" tests="1" failures="0" timestamp="29 Nov 2017 13:26:54 GMT" time="17.187" errors="0">
  <testcase name="handle_Alert_Textbox" time="17.187" classname="HandleAlerts"/>
</testsuite> <!-- HandleAlerts -->
