<?xml version="1.0" encoding="UTF-8"?>
<!-- Generated by org.testng.reporters.JUnitReportReporter -->
<testsuite hostname="DESKTOP-5327J1V" name="HandlingFrames" tests="1" failures="0" timestamp="28 Nov 2017 17:33:20 GMT" time="13.498" errors="0">
  <testcase name="frameinsideframe" time="13.498" classname="HandlingFrames"/>
</testsuite> <!-- HandlingFrames -->
